{"level":"info","message":"Account creation for John Doe successful","timestamp":"2023-10-29T16:29:34.782Z"}
{"level":"error","message":"Error creating account: E11000 duplicate key error collection: blog_api.users index: email_1 dup key: { email: \"john.doe@example.com\" }","timestamp":"2023-10-29T16:32:56.928Z"}
{"level":"info","message":"Account creation for John Doe successful","timestamp":"2023-10-29T16:35:23.792Z"}
{"level":"info","message":"Account creation for John Doe successful","timestamp":"2023-10-29T16:37:26.835Z"}
{"level":"error","message":"Error creating account: E11000 duplicate key error collection: blog_api.users index: email_1 dup key: { email: \"john.doe@example.com\" }","timestamp":"2023-10-29T16:38:44.309Z"}
{"level":"error","message":"Error creating account: E11000 duplicate key error collection: blog_api.users index: email_1 dup key: { email: \"john.doe@example.com\" }","timestamp":"2023-10-29T17:00:50.447Z"}
{"level":"error","message":"Error creating account: E11000 duplicate key error collection: blog_api.users index: email_1 dup key: { email: \"john.doe@example.com\" }","timestamp":"2023-10-29T17:07:29.114Z"}
{"level":"error","message":"Error creating account: E11000 duplicate key error collection: blog_api.users index: email_1 dup key: { email: \"john.doe@example.com\" }","timestamp":"2023-10-29T17:08:09.944Z"}
{"level":"error","message":"Error creating account: E11000 duplicate key error collection: blog_api.users index: email_1 dup key: { email: \"john.doe@example.com\" }","timestamp":"2023-10-29T19:59:15.242Z"}
{"level":"error","message":"Error creating account: E11000 duplicate key error collection: blog_api.users index: email_1 dup key: { email: \"john.doe@example.com\" }","timestamp":"2023-10-29T20:00:13.468Z"}
{"level":"info","message":"Account creation for John Doe successful","timestamp":"2023-10-29T20:52:01.432Z"}
{"level":"info","message":"Logged in John Doe successfully","timestamp":"2023-10-29T20:52:01.831Z"}
{"level":"error","message":"Error creating account: E11000 duplicate key error collection: blog_api.users index: email_1 dup key: { email: \"john@example.com\" }","timestamp":"2023-10-29T20:52:01.838Z"}
{"level":"info","message":"Logged out successfully","timestamp":"2023-10-29T20:52:02.014Z"}
{"level":"error","message":"Error creating account: E11000 duplicate key error collection: blog_api.users index: email_1 dup key: { email: \"john@example.com\" }","timestamp":"2023-10-29T20:54:27.677Z"}
{"level":"error","message":"Error creating account: E11000 duplicate key error collection: blog_api.users index: email_1 dup key: { email: \"john@example.com\" }","timestamp":"2023-10-29T20:54:27.849Z"}
{"level":"info","message":"Logged in John Doe successfully","timestamp":"2023-10-29T20:54:27.856Z"}
{"level":"info","message":"Logged out successfully","timestamp":"2023-10-29T20:54:28.051Z"}
{"level":"error","message":"Error creating account: E11000 duplicate key error collection: blog_api.users index: email_1 dup key: { email: \"john@example.com\" }","timestamp":"2023-10-29T20:55:25.834Z"}
{"level":"error","message":"Error creating account: E11000 duplicate key error collection: blog_api.users index: email_1 dup key: { email: \"john@example.com\" }","timestamp":"2023-10-29T20:55:26.004Z"}
{"level":"info","message":"Logged in John Doe successfully","timestamp":"2023-10-29T20:55:26.017Z"}
{"level":"info","message":"Logged out successfully","timestamp":"2023-10-29T20:55:26.217Z"}
{"level":"info","message":"Logged in Mujeeb Adetokunbo successfully","timestamp":"2023-10-29T20:58:30.121Z"}
{"level":"error","message":"Error creating account: E11000 duplicate key error collection: blog_api.users index: email_1 dup key: { email: \"john@example.com\" }","timestamp":"2023-10-29T21:05:12.308Z"}
{"level":"info","message":"Logged in John Doe successfully","timestamp":"2023-10-29T21:05:12.446Z"}
{"level":"info","message":"Logged out successfully","timestamp":"2023-10-29T21:05:12.654Z"}
{"level":"error","message":"Error creating account: E11000 duplicate key error collection: blog_api.users index: email_1 dup key: { email: \"john@example.com\" }","timestamp":"2023-10-29T21:05:13.217Z"}
{"level":"error","message":"Error creating account: E11000 duplicate key error collection: blog_api.users index: email_1 dup key: { email: \"john@example.com\" }","timestamp":"2023-10-29T21:07:21.793Z"}
{"level":"error","message":"Error creating account: E11000 duplicate key error collection: blog_api.users index: email_1 dup key: { email: \"john@example.com\" }","timestamp":"2023-10-29T21:07:21.964Z"}
{"level":"info","message":"Logged in John Doe successfully","timestamp":"2023-10-29T21:07:21.971Z"}
{"level":"info","message":"Logged out successfully","timestamp":"2023-10-29T21:07:22.146Z"}
{"level":"error","message":"Error creating account: E11000 duplicate key error collection: blog_api.users index: email_1 dup key: { email: \"john@example.com\" }","timestamp":"2023-10-29T21:10:33.326Z"}
{"level":"error","message":"Error creating account: E11000 duplicate key error collection: blog_api.users index: email_1 dup key: { email: \"john@example.com\" }","timestamp":"2023-10-29T21:10:33.489Z"}
{"level":"info","message":"Logged in John Doe successfully","timestamp":"2023-10-29T21:10:33.497Z"}
{"level":"info","message":"Logged out successfully","timestamp":"2023-10-29T21:10:33.669Z"}
{"level":"error","message":"Error creating account: E11000 duplicate key error collection: blog_api.users index: email_1 dup key: { email: \"john@example.com\" }","timestamp":"2023-10-29T21:11:10.299Z"}
{"level":"error","message":"Error creating account: E11000 duplicate key error collection: blog_api.users index: email_1 dup key: { email: \"john@example.com\" }","timestamp":"2023-10-29T21:11:10.463Z"}
{"level":"info","message":"Logged in John Doe successfully","timestamp":"2023-10-29T21:11:10.474Z"}
{"level":"info","message":"Logged out successfully","timestamp":"2023-10-29T21:11:10.645Z"}
{"level":"error","message":"Error creating account: E11000 duplicate key error collection: blog_api.users index: email_1 dup key: { email: \"john@example.com\" }","timestamp":"2023-10-29T21:14:19.498Z"}
{"level":"error","message":"Error creating account: E11000 duplicate key error collection: blog_api.users index: email_1 dup key: { email: \"john@example.com\" }","timestamp":"2023-10-29T21:14:19.661Z"}
{"level":"info","message":"Logged in John Doe successfully","timestamp":"2023-10-29T21:14:19.668Z"}
{"level":"info","message":"Logged out successfully","timestamp":"2023-10-29T21:14:19.847Z"}
